<?xml version="1.0" encoding="UTF-8"?>
<testsuite name="com.cuidavoz.mobile.reminders.MedicationReminderMessageFactoryTest" tests="2" skipped="0" failures="0" errors="0" timestamp="2026-05-17T18:07:56.271Z" hostname="gerson-Nitro-AN515-51" time="0.054">
  <properties/>
  <testcase name="buildsTtsMessageForSingleMedication" classname="com.cuidavoz.mobile.reminders.MedicationReminderMessageFactoryTest" time="0.052"/>
  <testcase name="buildsTtsMessageForMultipleMedications" classname="com.cuidavoz.mobile.reminders.MedicationReminderMessageFactoryTest" time="0.001"/>
  <system-out><![CDATA[]]></system-out>
  <system-err><![CDATA[]]></system-err>
</testsuite>
