<?xml version="1.0" encoding="UTF-8"?>
<testsuite name="com.cuidavoz.mobile.domain.PressureClassifierTest" tests="2" skipped="0" failures="0" errors="0" timestamp="2026-05-17T18:07:56.197Z" hostname="gerson-Nitro-AN515-51" time="0.007">
  <properties/>
  <testcase name="safe message stays empty for normal status" classname="com.cuidavoz.mobile.domain.PressureClassifierTest" time="0.002"/>
  <testcase name="classify returns out of range before generic thresholds" classname="com.cuidavoz.mobile.domain.PressureClassifierTest" time="0.002"/>
  <system-out><![CDATA[]]></system-out>
  <system-err><![CDATA[]]></system-err>
</testsuite>
