<?xml version="1.0" encoding="UTF-8"?>
<testsuite name="com.cuidavoz.mobile.domain.voice.VoiceIntentParserReminderTest" tests="3" skipped="0" failures="0" errors="0" timestamp="2026-05-17T18:07:56.259Z" hostname="gerson-Nitro-AN515-51" time="0.008">
  <properties/>
  <testcase name="yaTomeOnlyWorksWhenReminderIsActive" classname="com.cuidavoz.mobile.domain.voice.VoiceIntentParserReminderTest" time="0.004"/>
  <testcase name="detectsSnoozeAndHelp" classname="com.cuidavoz.mobile.domain.voice.VoiceIntentParserReminderTest" time="0.0"/>
  <testcase name="ignoresThirdPersonMedicationClaims" classname="com.cuidavoz.mobile.domain.voice.VoiceIntentParserReminderTest" time="0.001"/>
  <system-out><![CDATA[]]></system-out>
  <system-err><![CDATA[]]></system-err>
</testsuite>
